<?xml version="1.0" encoding="UTF-8"?>
<!-- Generated by org.testng.reporters.JUnitReportReporter -->
<testsuite skipped="0" hostname="IN-RanaVik1-1" name="com.uniys.restAssured.Tests.GetRequest" tests="1" failures="0" timestamp="2021-05-15T15:32:53 IST" time="4.860" errors="0">
  <testcase name="getWeatheDetails" time="4.860" classname="com.uniys.restAssured.Tests.GetRequest"/>
  <system-out/>
</testsuite> <!-- com.uniys.restAssured.Tests.GetRequest -->
