<?xml version="1.0" encoding="UTF-8"?>
<!-- Generated by org.testng.reporters.JUnitReportReporter -->
<testsuite skipped="0" hostname="IN-RanaVik1-1" name="com.uniys.restAssured.Tests.DeleteRequest" tests="1" failures="0" timestamp="2021-05-18T18:31:41 IST" time="5.820" errors="0">
  <testcase name="deleteRequest" time="5.820" classname="com.uniys.restAssured.Tests.DeleteRequest"/>
  <system-out/>
</testsuite> <!-- com.uniys.restAssured.Tests.DeleteRequest -->
