<?xml version="1.0" encoding="UTF-8"?>
<!-- Generated by org.testng.reporters.JUnitReportReporter -->
<testsuite skipped="0" hostname="IN-RanaVik1-1" name="com.swagger.restAssured.ApiBackground.ApiPlayground_GetAllProducts" tests="1" failures="0" timestamp="2021-05-27T13:10:54 IST" time="4.386" errors="0">
  <testcase name="apiPlayBackgroup_GetProductByID" time="4.386" classname="com.swagger.restAssured.ApiBackground.ApiPlayground_GetAllProducts"/>
  <system-out/>
</testsuite> <!-- com.swagger.restAssured.ApiBackground.ApiPlayground_GetAllProducts -->
