<?xml version="1.0" encoding="UTF-8"?>
<!-- Generated by org.testng.reporters.JUnitReportReporter -->
<testsuite skipped="0" hostname="IN-RanaVik1-1" name="com.swagger.restAssured.ApiBackground.ApiPlayground_ProductsApiTests" tests="1" failures="0" timestamp="2021-05-27T15:23:58 IST" time="2.839" errors="0">
  <testcase name="getTheProductsTypeBadFood" time="2.839" classname="com.swagger.restAssured.ApiBackground.ApiPlayground_ProductsApiTests"/>
  <system-out/>
</testsuite> <!-- com.swagger.restAssured.ApiBackground.ApiPlayground_ProductsApiTests -->
