<?xml version="1.0" encoding="UTF-8"?>
<!-- Generated by org.testng.reporters.JUnitReportReporter -->
<testsuite skipped="0" hostname="IN-RanaVik1-1" name="com.swagger.restAssured.ApiBackground.ApiPlayground_ServicesApiTests" tests="5" failures="0" timestamp="2021-05-30T18:06:51 IST" time="4.313" errors="0">
  <testcase name="apiPlayBackgroup_GetAllServices" time="3.430" classname="com.swagger.restAssured.ApiBackground.ApiPlayground_ServicesApiTests"/>
  <system-out/>
  <testcase name="apiPlayBackgroup_GetServiceByID" time="0.142" classname="com.swagger.restAssured.ApiBackground.ApiPlayground_ServicesApiTests"/>
  <system-out/>
  <testcase name="apiPlayBackgroup_AddService" time="0.551" classname="com.swagger.restAssured.ApiBackground.ApiPlayground_ServicesApiTests"/>
  <system-out/>
  <testcase name="apiPlayBackgroup_PatchService" time="0.089" classname="com.swagger.restAssured.ApiBackground.ApiPlayground_ServicesApiTests"/>
  <system-out/>
  <testcase name="apiPlayBackgroup_DeleteService" time="0.101" classname="com.swagger.restAssured.ApiBackground.ApiPlayground_ServicesApiTests"/>
  <system-out/>
</testsuite> <!-- com.swagger.restAssured.ApiBackground.ApiPlayground_ServicesApiTests -->
