<?xml version="1.0" encoding="UTF-8"?>
<!-- Generated by org.testng.reporters.JUnitReportReporter -->
<testsuite skipped="0" hostname="IN-RanaVik1-1" name="com.uniys.restAssured.Tests.PutRequest" tests="1" failures="0" timestamp="2021-05-18T18:31:20 IST" time="4.021" errors="0">
  <testcase name="testPut" time="4.021" classname="com.uniys.restAssured.Tests.PutRequest"/>
  <system-out/>
</testsuite> <!-- com.uniys.restAssured.Tests.PutRequest -->
